[15:49:39] [main/INFO]: Loading Minecraft 1.21.1 with Fabric Loader 0.16.9
[15:49:39] [ForkJoinPool-1-worker-5/WARN]: Mod icommon-bundle uses the version bundle which isn't compatible with Loader's extended semantic version format (Could not parse version number component 'bundle'!), SemVer is recommended for reliably evaluating dependencies and prioritizing newer version
[15:49:39] [main/INFO]: Loading 71 mods:
	- architectury 13.0.8
	- easyauth 3.0.25
	   |-- at_favre_lib_bcrypt 0.10.2
	   |-- at_favre_lib_bytes 1.6.1
	   |-- com_mysql_mysql-connector-j 8.2.0
	   |-- com_typesafe_config 1.4.3
	   |-- de_mkammerer_argon2-jvm 2.11
	   |-- de_mkammerer_argon2-jvm-nolibs 2.11
	   |-- fabric-permissions-api-v0 0.3.1
	   |-- io_leangen_geantyref_geantyref 1.3.13
	   |-- net_java_dev_jna_jna 5.13.0
	   |-- org_apache_commons_commons-text 1.10.0
	   |-- org_iq80_leveldb_leveldb 0.12
	   |-- org_iq80_leveldb_leveldb-api 0.12
	   |-- org_mongodb_bson 4.11.1
	   |-- org_mongodb_mongodb-driver-core 4.11.1
	   |-- org_mongodb_mongodb-driver-sync 4.11.1
	   |-- org_spongepowered_configurate-core 4.1.2
	   |-- org_spongepowered_configurate-hocon 4.1.2
	   \-- server_translations_api 2.3.1+1.21-pre2
	        \-- packet_tweaker 0.5.1+24w03b
	- fabric-api 0.109.0+1.21.1
	   |-- fabric-api-base 0.4.42+6573ed8c19
	   |-- fabric-api-lookup-api-v1 1.6.70+b559734419
	   |-- fabric-biome-api-v1 13.0.30+be1ed2d719
	   |-- fabric-block-api-v1 1.0.22+0af3f5a719
	   |-- fabric-block-view-api-v2 1.0.10+6573ed8c19
	   |-- fabric-blockrenderlayer-v1 1.1.52+0af3f5a719
	   |-- fabric-client-tags-api-v1 1.1.15+6573ed8c19
	   |-- fabric-command-api-v1 1.2.49+f71b366f19
	   |-- fabric-command-api-v2 2.2.28+6ced4dd919
	   |-- fabric-commands-v0 0.2.66+df3654b319
	   |-- fabric-content-registries-v0 8.0.18+b559734419
	   |-- fabric-convention-tags-v1 2.1.2+7f945d5b19
	   |-- fabric-convention-tags-v2 2.9.2+e60e56d419
	   |-- fabric-crash-report-info-v1 0.2.29+0af3f5a719
	   |-- fabric-data-attachment-api-v1 1.4.0+da19b51a19
	   |-- fabric-data-generation-api-v1 20.2.23+16c4ae2519
	   |-- fabric-dimensions-v1 4.0.0+6fc22b9919
	   |-- fabric-entity-events-v1 1.7.0+2122d82819
	   |-- fabric-events-interaction-v0 0.7.13+ba9dae0619
	   |-- fabric-game-rule-api-v1 1.0.53+6ced4dd919
	   |-- fabric-item-api-v1 11.1.1+d5debaed19
	   |-- fabric-item-group-api-v1 4.1.6+6823f7cd19
	   |-- fabric-key-binding-api-v1 1.0.47+0af3f5a719
	   |-- fabric-keybindings-v0 0.2.45+df3654b319
	   |-- fabric-lifecycle-events-v1 2.5.0+01d9a51c19
	   |-- fabric-loot-api-v2 3.0.15+3f89f5a519
	   |-- fabric-loot-api-v3 1.0.3+3f89f5a519
	   |-- fabric-message-api-v1 6.0.13+6573ed8c19
	   |-- fabric-model-loading-api-v1 2.0.0+fe474d6b19
	   |-- fabric-networking-api-v1 4.3.0+c7469b2119
	   |-- fabric-object-builder-api-v1 15.2.1+40875a9319
	   |-- fabric-particles-v1 4.0.2+6573ed8c19
	   |-- fabric-recipe-api-v1 5.0.13+6508971219
	   |-- fabric-registry-sync-v0 5.1.3+60c3209b19
	   |-- fabric-renderer-api-v1 3.4.0+c705a49c19
	   |-- fabric-renderer-indigo 1.7.0+c705a49c19
	   |-- fabric-renderer-registries-v1 3.2.68+df3654b319
	   |-- fabric-rendering-data-attachment-v1 0.3.48+73761d2e19
	   |-- fabric-rendering-fluids-v1 3.1.6+1daea21519
	   |-- fabric-rendering-v0 1.1.71+df3654b319
	   |-- fabric-rendering-v1 5.0.5+df16efd019
	   |-- fabric-resource-conditions-api-v1 4.3.0+8dc279b119
	   |-- fabric-resource-loader-v0 1.3.1+5b5275af19
	   |-- fabric-screen-api-v1 2.0.25+8b68f1c719
	   |-- fabric-screen-handler-api-v1 1.3.87+b559734419
	   |-- fabric-sound-api-v1 1.0.23+6573ed8c19
	   |-- fabric-transfer-api-v1 5.4.2+95bead5f19
	   \-- fabric-transitive-access-wideners-v1 6.1.0+1daea21519
	- fabricloader 0.16.9
	   \-- mixinextras 0.4.1
	- ftbessentials 2101.1.0
	- ftblibrary 2101.1.6
	- icommon-bundle bundle
	   \-- icommon 1.21
	- java 21
	- melius-vanish 1.5.7+1.21.1
	   |-- fabric-permissions-api-v0 0.3.1
	   |-- placeholder-api 2.4.1+1.21
	   |-- player-data-api 0.6.0+1.21
	   \-- server_translations_api 2.3.1+1.21-pre2
	        \-- packet_tweaker 0.5.1+24w03b
	- minecraft 1.21.1
	- spark 1.10.109
	   \-- fabric-permissions-api-v0 0.3.1
	- worldedit 7.3.8+6939-7d32b45
[15:49:39] [main/WARN]: Found 2 non-fabric mods:
	- forgified-fabric-api-0.104.0+2.0.19+1.21.1.jar
	- [信雅互联] connector-2.0.0-beta.4+1.21.1-full.jar
[15:49:39] [main/INFO]: SpongePowered MIXIN Subsystem Version=0.8.7 Source=file:/D:/mc/fabricServer1.21.1/libraries/net/fabricmc/sponge-mixin/0.15.4+mixin.0.8.7/sponge-mixin-0.15.4+mixin.0.8.7.jar Service=Knot/Fabric Env=SERVER
[15:49:40] [main/INFO]: Compatibility level set to JAVA_16
[15:49:40] [main/INFO]: Compatibility level set to JAVA_21
[15:49:40] [main/INFO]: -------------------------------------------------
[15:49:40] [main/INFO]:  iCommon - Isaiah's common library for mods.
[15:49:40] [main/INFO]:  Copyright (c) 2018-2024 Isaiah. Running on MC 1.21.1
[15:49:40] [main/INFO]: -------------------------------------------------
[15:49:40] [main/INFO]: Applying mixin: MixinMinecraftServer...
[15:49:40] [main/INFO]: Applied 23 mixins.
[15:49:41] [main/INFO]: Initializing MixinExtras via com.llamalad7.mixinextras.service.MixinExtrasServiceImpl(version=0.4.1).
[15:49:49] [main/INFO]: [EasyAuth]: EasyAuth mod by NikitaCartes
[15:49:49] [main/WARN]: [EasyAuth]: Disable enforce-secure-profile to allow offline players to join the server
[15:49:49] [main/WARN]: [EasyAuth]: For more info, see https://github.com/NikitaCartes/EasyAuth/issues/68
[15:49:50] [main/INFO]: Registering C2S receiver with id ftblibrary:edit_nbt_response
[15:49:50] [main/INFO]: iCommon Mod initialized.
[15:49:51] [main/INFO]: Got request to register class com.sk89q.worldedit.fabric.FabricPlatform with WorldEdit [com.sk89q.worldedit.extension.platform.PlatformManager@5d69f907]
[15:49:51] [main/INFO]: WorldEdit for Fabric (version 7.3.8+6939-7d32b45) is loaded
[15:49:51] [main/INFO]: Loading configuration...
[15:49:51] [main/INFO]: Environment: Environment[sessionHost=https://sessionserver.mojang.com, servicesHost=https://api.minecraftservices.com, name=PROD]
[15:49:53] [Worker-Main-3/INFO]: Registering commands with com.sk89q.worldedit.fabric.FabricPlatform
[15:49:54] [main/INFO]: Loaded 1290 recipes
[15:49:54] [main/INFO]: Loaded 1399 advancements
[15:49:54] [ForkJoinPool.commonPool-worker-1/INFO]: Loaded 45 translation keys
[15:49:55] [main/INFO]: Applied 0 biome modifications to 0 of 64 new biomes in 2.685 ms
[15:49:55] [Server thread/ERROR]: can't write .\world\.\serverconfig\ftbessentials.snbt: .\world\.\serverconfig\ftbessentials.snbt
[15:49:55] [Server thread/INFO]: Starting background profiler...
[15:49:55] [Server thread/INFO]: The async-profiler engine is not supported for your os/arch (windows10/amd64), so the built-in Java engine will be used instead.
[15:49:55] [Server thread/INFO]: Setting IServer instance..
[15:49:55] [Server thread/INFO]: Starting minecraft server version 1.21.1
[15:49:55] [Server thread/INFO]: Loading properties
[15:49:55] [Server thread/INFO]: Default game type: SURVIVAL
[15:49:55] [Server thread/INFO]: Generating keypair
[15:49:55] [Server thread/INFO]: Starting Minecraft server on *:25565
[15:49:55] [Server thread/INFO]: Using default channel type
[15:49:55] [Server thread/INFO]: Preparing level "world"
[15:49:55] [Server thread/INFO]: Setting IWorld for world "小小的愿望"
[15:49:56] [Server thread/INFO]: Setting IWorld for world "小小的愿望_nether"
[15:49:57] [Server thread/INFO]: Setting IWorld for world "小小的愿望_the_end"
[15:49:57] [Server thread/INFO]: Preparing start region for dimension minecraft:overworld
[15:49:58] [Worker-Main-3/INFO]: Preparing spawn area: 0%
[15:49:58] [Worker-Main-3/INFO]: Preparing spawn area: 0%
[15:49:58] [Server thread/INFO]: Time elapsed: 679 ms
[15:49:58] [Server thread/INFO]: Done (2.875s)! For help, type "help"
[15:50:09] [User Authenticator #1/INFO]: UUID of player MoKuuy is 24de0072-f129-4f77-9120-b9b811d6bbb2
[15:50:10] [Server thread/INFO]: MoKuuy[/[0:0:0:0:0:0:0:1]:7182] logged in with entity id 52 at (1047.188094345106, 94.73272045551695, -213.95227990096495)
[15:50:11] [Server thread/INFO]: MoKuuy joined the game
[15:51:53] [Server thread/INFO]: MoKuuy lost connection: Disconnected
[15:51:53] [Server thread/INFO]: 蟀蟀哥 left the game
[15:57:17] [Server thread/INFO]: Stopping the server
[15:57:17] [Server thread/INFO]: Stopping server
[15:57:17] [Server thread/INFO]: Saving players
[15:57:17] [Server thread/INFO]: Saving worlds
[15:57:17] [Server thread/INFO]: Saving chunks for level 'ServerLevel[小小的愿望]'/minecraft:overworld
[15:57:17] [Server thread/INFO]: Saving chunks for level 'ServerLevel[小小的愿望]'/minecraft:the_nether
[15:57:17] [Server thread/INFO]: Saving chunks for level 'ServerLevel[小小的愿望]'/minecraft:the_end
[15:57:17] [Server thread/INFO]: ThreadedAnvilChunkStorage (world): All chunks are saved
[15:57:17] [Server thread/INFO]: ThreadedAnvilChunkStorage (DIM-1): All chunks are saved
[15:57:17] [Server thread/INFO]: ThreadedAnvilChunkStorage (DIM1): All chunks are saved
[15:57:17] [Server thread/INFO]: ThreadedAnvilChunkStorage: All dimensions are saved
[15:57:17] [Server thread/INFO]: [EasyAuth]: Shutting down EasyAuth.
[15:57:17] [Server thread/INFO]: [EasyAuth]: Database connection closed successfully
